This is LuaHBTeX, Version 1.13.0 (MiKTeX 21.2) (format=lualatex 2021.9.11)  8 OCT 2021 09:15
 restricted system commands enabled.
**sample-presentation.tex
(./sample-presentation.tex
LaTeX2e <2020-10-01> patch level 4
Lua module: luaotfload 2021-01-08 3.17 Lua based OpenType font support
Lua module: lualibs 2020-12-30 2.73 ConTeXt Lua standard libraries.
Lua module: lualibs-extended 2020-12-30 2.73 ConTeXt Lua libraries -- extended c
ollection.
luaotfload | conf : Root cache directory is "C:/Users/vega0/AppData/Local/MiKTeX
/2.9/luatex-cache/generic/names".
luaotfload | init : Loading fontloader "fontloader-2021-01-07.lua" from kpse-res
olved path "C:/Program Files/MiKTeX 2.9/tex/luatex/luaotfload/fontloader-2021-01
-07.lua".
Lua-only attribute luaotfload@noligature = 1
Lua-only attribute luaotfload@syllabe = 2
luaotfload | init : Context OpenType loader version 0x1.8e76c8b439581p+1
Inserting `luaotfload.node_processor' at position 1 in `pre_linebreak_filter'.
Inserting `luaotfload.node_processor' at position 1 in `hpack_filter'.
Inserting `luaotfload.glyph_stream' at position 1 in `glyph_stream_provider'.
Inserting `luaotfload.define_font' at position 1 in `define_font'.
Lua-only attribute luaotfload_color_attribute = 3
luaotfload | conf : Root cache directory is "C:/Users/vega0/AppData/Local/MiKTeX
/2.9/luatex-cache/generic/names".
Inserting `luaotfload.harf.strip_prefix' at position 1 in `find_opentype_file'.
Inserting `luaotfload.harf.strip_prefix' at position 1 in `find_truetype_file'.
Inserting `luaotfload.harf.finalize_vlist' at position 1 in `post_linebreak_filt
er'.
Inserting `luaotfload.harf.finalize_hlist' at position 2 in `hpack_filter'.
Inserting `luaotfload.cleanup_files' at position 1 in `wrapup_run'.
Inserting `luaotfload.harf.finalize_unicode' at position 1 in `finish_pdffile'.
Inserting `luaotfload.glyphinfo' at position 1 in `glyph_info'.
Inserting `luaotfload.aux.set_sscale_dimens' at position 1 in `luaotfload.patch_
font'.
Inserting `luaotfload.aux.set_font_index' at position 2 in `luaotfload.patch_fon
t'.
Inserting `luaotfload.aux.patch_cambria_domh' at position 3 in `luaotfload.patch
_font'.
Inserting `luaotfload.aux.fixup_fontdata' at position 1 in `luaotfload.patch_fon
t_unsafe'.
Inserting `luaotfload.aux.set_capheight' at position 4 in `luaotfload.patch_font
'.
Inserting `luaotfload.aux.set_xheight' at position 5 in `luaotfload.patch_font'.
Inserting `luaotfload.rewrite_fontname' at position 6 in `luaotfload.patch_font'
. L3 programming layer <2021-02-18> xparse <2020-03-03>
("C:/Program Files/MiKTeX 2.9/tex/latex/beamer/beamer.cls"
Document Class: beamer 2021/02/09 v3.61 A class for typesetting presentations
("C:/Program Files/MiKTeX 2.9/tex/latex/beamer/beamerbasemodes.sty"
("C:/Program Files/MiKTeX 2.9/tex/latex/etoolbox/etoolbox.sty"
Package: etoolbox 2020/10/05 v2.5k e-TeX tools for LaTeX (JAW)
\etb@tempcnta=\count175
)
\beamer@tempbox=\box47
\beamer@tempcount=\count176
\c@beamerpauses=\count177

("C:/Program Files/MiKTeX 2.9/tex/latex/beamer/beamerbasedecode.sty"
\beamer@slideinframe=\count178
\beamer@minimum=\count179
\beamer@decode@box=\box48
)
\beamer@commentbox=\box49
\beamer@modecount=\count180
)
("C:/Program Files/MiKTeX 2.9/tex/generic/iftex/ifpdf.sty"
Package: ifpdf 2019/10/25 v3.4 ifpdf legacy package. Use iftex instead.

("C:/Program Files/MiKTeX 2.9/tex/generic/iftex/iftex.sty"
Package: iftex 2020/03/06 v1.0d TeX engine tests
))
\headdp=\dimen138
\footheight=\dimen139
\sidebarheight=\dimen140
\beamer@tempdim=\dimen141
\beamer@finalheight=\dimen142
\beamer@animht=\dimen143
\beamer@animdp=\dimen144
\beamer@animwd=\dimen145
\beamer@leftmargin=\dimen146
\beamer@rightmargin=\dimen147
\beamer@leftsidebar=\dimen148
\beamer@rightsidebar=\dimen149
\beamer@boxsize=\dimen150
\beamer@vboxoffset=\dimen151
\beamer@descdefault=\dimen152
\beamer@descriptionwidth=\dimen153
\beamer@lastskip=\skip47
\beamer@areabox=\box50
\beamer@animcurrent=\box51
\beamer@animshowbox=\box52
\beamer@sectionbox=\box53
\beamer@logobox=\box54
\beamer@linebox=\box55
\beamer@sectioncount=\count181
\beamer@subsubsectionmax=\count182
\beamer@subsectionmax=\count183
\beamer@sectionmax=\count184
\beamer@totalheads=\count185
\beamer@headcounter=\count186
\beamer@partstartpage=\count187
\beamer@sectionstartpage=\count188
\beamer@subsectionstartpage=\count189
\beamer@animationtempa=\count190
\beamer@animationtempb=\count191
\beamer@xpos=\count192
\beamer@ypos=\count193
\beamer@ypos@offset=\count194
\beamer@showpartnumber=\count195
\beamer@currentsubsection=\count196
\beamer@coveringdepth=\count197
\beamer@sectionadjust=\count198
\beamer@tocsectionnumber=\count199

("C:/Program Files/MiKTeX 2.9/tex/latex/beamer/beamerbaseoptions.sty"
("C:/Program Files/MiKTeX 2.9/tex/latex/graphics/keyval.sty"
Package: keyval 2014/10/28 v1.15 key=value parser (DPC)
\KV@toks@=\toks15
))
\beamer@paperwidth=\skip48
\beamer@paperheight=\skip49

("C:/Program Files/MiKTeX 2.9/tex/latex/geometry/geometry.sty"
Package: geometry 2020/01/02 v5.9 Page Geometry

("C:/Program Files/MiKTeX 2.9/tex/generic/iftex/ifvtex.sty"
Package: ifvtex 2019/10/25 v1.7 ifvtex legacy package. Use iftex instead.
)
\Gm@cnth=\count266
\Gm@cntv=\count267
\c@Gm@tempcnt=\count268
\Gm@bindingoffset=\dimen154
\Gm@wd@mp=\dimen155
\Gm@odd@mp=\dimen156
\Gm@even@mp=\dimen157
\Gm@layoutwidth=\dimen158
\Gm@layoutheight=\dimen159
\Gm@layouthoffset=\dimen160
\Gm@layoutvoffset=\dimen161
\Gm@dimlist=\toks16

("C:/Program Files/MiKTeX 2.9/tex/latex/geometry/geometry.cfg"))
("C:/Program Files/MiKTeX 2.9/tex/latex/base/size11.clo"
File: size11.clo 2020/04/10 v1.4m Standard LaTeX file (size option)
luaotfload | db : Font names database loaded from C:/Users/vega0/AppData/Local/M
iKTeX/2.9/luatex-cache/generic/names/luaotfload-names.luc)
("C:/Program Files/MiKTeX 2.9/tex/latex/pgf/basiclayer/pgfcore.sty"
("C:/Program Files/MiKTeX 2.9/tex/latex/graphics/graphicx.sty"
Package: graphicx 2020/09/09 v1.2b Enhanced LaTeX Graphics (DPC,SPQR)

("C:/Program Files/MiKTeX 2.9/tex/latex/graphics/graphics.sty"
Package: graphics 2020/08/30 v1.4c Standard LaTeX Graphics (DPC,SPQR)

("C:/Program Files/MiKTeX 2.9/tex/latex/graphics/trig.sty"
Package: trig 2016/01/03 v1.10 sin cos tan (DPC)
)
("C:/Program Files/MiKTeX 2.9/tex/latex/graphics-cfg/graphics.cfg"
File: graphics.cfg 2016/06/04 v1.11 sample graphics configuration
)
Package graphics Info: Driver file: luatex.def on input line 105.

("C:/Program Files/MiKTeX 2.9/tex/latex/graphics-def/luatex.def"
File: luatex.def 2020/10/05 v1.2a Graphics/color driver for luatex
))
\Gin@req@height=\dimen162
\Gin@req@width=\dimen163
)
("C:/Program Files/MiKTeX 2.9/tex/latex/pgf/systemlayer/pgfsys.sty"
("C:/Program Files/MiKTeX 2.9/tex/latex/pgf/utilities/pgfrcs.sty"
("C:/Program Files/MiKTeX 2.9/tex/generic/pgf/utilities/pgfutil-common.tex"
\pgfutil@everybye=\toks17
\pgfutil@tempdima=\dimen164
\pgfutil@tempdimb=\dimen165

("C:/Program Files/MiKTeX 2.9/tex/generic/pgf/utilities/pgfutil-common-lists.te
x")) ("C:/Program Files/MiKTeX 2.9/tex/generic/pgf/utilities/pgfutil-latex.def"
\pgfutil@abb=\box56
) ("C:/Program Files/MiKTeX 2.9/tex/generic/pgf/utilities/pgfrcs.code.tex"
("C:/Program Files/MiKTeX 2.9/tex/generic/pgf/pgf.revision.tex")
Package: pgfrcs 2020/12/27 v3.1.8b (3.1.8b)
))
("C:/Program Files/MiKTeX 2.9/tex/generic/pgf/systemlayer/pgfsys.code.tex"
Package: pgfsys 2020/12/27 v3.1.8b (3.1.8b)

("C:/Program Files/MiKTeX 2.9/tex/generic/pgf/utilities/pgfkeys.code.tex"
\pgfkeys@pathtoks=\toks18
\pgfkeys@temptoks=\toks19

("C:/Program Files/MiKTeX 2.9/tex/generic/pgf/utilities/pgfkeysfiltered.code.te
x"
\pgfkeys@tmptoks=\toks20
))
\pgf@x=\dimen166
\pgf@y=\dimen167
\pgf@xa=\dimen168
\pgf@ya=\dimen169
\pgf@xb=\dimen170
\pgf@yb=\dimen171
\pgf@xc=\dimen172
\pgf@yc=\dimen173
\pgf@xd=\dimen174
\pgf@yd=\dimen175
\w@pgf@writea=\write3
\r@pgf@reada=\read2
\c@pgf@counta=\count269
\c@pgf@countb=\count270
\c@pgf@countc=\count271
\c@pgf@countd=\count272
\t@pgf@toka=\toks21
\t@pgf@tokb=\toks22
\t@pgf@tokc=\toks23
\pgf@sys@id@count=\count273
 ("C:/Program Files/MiKTeX 2.9/tex/generic/pgf/systemlayer/pgf.cfg"
File: pgf.cfg 2020/12/27 v3.1.8b (3.1.8b)
)
Driver file for pgf: pgfsys-luatex.def

("C:/Program Files/MiKTeX 2.9/tex/generic/pgf/systemlayer/pgfsys-luatex.def"
File: pgfsys-luatex.def 2020/12/27 v3.1.8b (3.1.8b)

("C:/Program Files/MiKTeX 2.9/tex/generic/pgf/systemlayer/pgfsys-common-pdf.def
"
File: pgfsys-common-pdf.def 2020/12/27 v3.1.8b (3.1.8b)
)))
("C:/Program Files/MiKTeX 2.9/tex/generic/pgf/systemlayer/pgfsyssoftpath.code.t
ex"
File: pgfsyssoftpath.code.tex 2020/12/27 v3.1.8b (3.1.8b)
\pgfsyssoftpath@smallbuffer@items=\count274
\pgfsyssoftpath@bigbuffer@items=\count275
)
("C:/Program Files/MiKTeX 2.9/tex/generic/pgf/systemlayer/pgfsysprotocol.code.t
ex"
File: pgfsysprotocol.code.tex 2020/12/27 v3.1.8b (3.1.8b)
)) ("C:/Program Files/MiKTeX 2.9/tex/latex/xcolor/xcolor.sty"
Package: xcolor 2016/05/11 v2.12 LaTeX color extensions (UK)

("C:/Program Files/MiKTeX 2.9/tex/latex/graphics-cfg/color.cfg"
File: color.cfg 2016/01/02 v1.6 sample color configuration
)
Package xcolor Info: Driver file: luatex.def on input line 225.
Package xcolor Info: Model `cmy' substituted by `cmy0' on input line 1348.
Package xcolor Info: Model `hsb' substituted by `rgb' on input line 1352.
Package xcolor Info: Model `RGB' extended on input line 1364.
Package xcolor Info: Model `HTML' substituted by `rgb' on input line 1366.
Package xcolor Info: Model `Hsb' substituted by `hsb' on input line 1367.
Package xcolor Info: Model `tHsb' substituted by `hsb' on input line 1368.
Package xcolor Info: Model `HSB' substituted by `hsb' on input line 1369.
Package xcolor Info: Model `Gray' substituted by `gray' on input line 1370.
Package xcolor Info: Model `wave' substituted by `hsb' on input line 1371.
)
("C:/Program Files/MiKTeX 2.9/tex/generic/pgf/basiclayer/pgfcore.code.tex"
Package: pgfcore 2020/12/27 v3.1.8b (3.1.8b)

("C:/Program Files/MiKTeX 2.9/tex/generic/pgf/math/pgfmath.code.tex"
("C:/Program Files/MiKTeX 2.9/tex/generic/pgf/math/pgfmathcalc.code.tex"
("C:/Program Files/MiKTeX 2.9/tex/generic/pgf/math/pgfmathutil.code.tex")
("C:/Program Files/MiKTeX 2.9/tex/generic/pgf/math/pgfmathparser.code.tex"
\pgfmath@dimen=\dimen176
\pgfmath@count=\count276
\pgfmath@box=\box57
\pgfmath@toks=\toks24
\pgfmath@stack@operand=\toks25
\pgfmath@stack@operation=\toks26
)
("C:/Program Files/MiKTeX 2.9/tex/generic/pgf/math/pgfmathfunctions.code.tex"
("C:/Program Files/MiKTeX 2.9/tex/generic/pgf/math/pgfmathfunctions.basic.code.
tex")
("C:/Program Files/MiKTeX 2.9/tex/generic/pgf/math/pgfmathfunctions.trigonometr
ic.code.tex")
("C:/Program Files/MiKTeX 2.9/tex/generic/pgf/math/pgfmathfunctions.random.code
.tex")
("C:/Program Files/MiKTeX 2.9/tex/generic/pgf/math/pgfmathfunctions.comparison.
code.tex")
("C:/Program Files/MiKTeX 2.9/tex/generic/pgf/math/pgfmathfunctions.base.code.t
ex")
("C:/Program Files/MiKTeX 2.9/tex/generic/pgf/math/pgfmathfunctions.round.code.
tex")
("C:/Program Files/MiKTeX 2.9/tex/generic/pgf/math/pgfmathfunctions.misc.code.t
ex")
("C:/Program Files/MiKTeX 2.9/tex/generic/pgf/math/pgfmathfunctions.integerarit
hmetics.code.tex")))
("C:/Program Files/MiKTeX 2.9/tex/generic/pgf/math/pgfmathfloat.code.tex"
\c@pgfmathroundto@lastzeros=\count277
))
("C:/Program Files/MiKTeX 2.9/tex/generic/pgf/math/pgfint.code.tex")
("C:/Program Files/MiKTeX 2.9/tex/generic/pgf/basiclayer/pgfcorepoints.code.tex
"
File: pgfcorepoints.code.tex 2020/12/27 v3.1.8b (3.1.8b)
\pgf@picminx=\dimen177
\pgf@picmaxx=\dimen178
\pgf@picminy=\dimen179
\pgf@picmaxy=\dimen180
\pgf@pathminx=\dimen181
\pgf@pathmaxx=\dimen182
\pgf@pathminy=\dimen183
\pgf@pathmaxy=\dimen184
\pgf@xx=\dimen185
\pgf@xy=\dimen186
\pgf@yx=\dimen187
\pgf@yy=\dimen188
\pgf@zx=\dimen189
\pgf@zy=\dimen190
)
("C:/Program Files/MiKTeX 2.9/tex/generic/pgf/basiclayer/pgfcorepathconstruct.c
ode.tex"
File: pgfcorepathconstruct.code.tex 2020/12/27 v3.1.8b (3.1.8b)
\pgf@path@lastx=\dimen191
\pgf@path@lasty=\dimen192
)
("C:/Program Files/MiKTeX 2.9/tex/generic/pgf/basiclayer/pgfcorepathusage.code.
tex"
File: pgfcorepathusage.code.tex 2020/12/27 v3.1.8b (3.1.8b)
\pgf@shorten@end@additional=\dimen193
\pgf@shorten@start@additional=\dimen194
)
("C:/Program Files/MiKTeX 2.9/tex/generic/pgf/basiclayer/pgfcorescopes.code.tex
"
File: pgfcorescopes.code.tex 2020/12/27 v3.1.8b (3.1.8b)
\pgfpic=\box58
\pgf@hbox=\box59
\pgf@layerbox@main=\box60
\pgf@picture@serial@count=\count278
)
("C:/Program Files/MiKTeX 2.9/tex/generic/pgf/basiclayer/pgfcoregraphicstate.co
de.tex"
File: pgfcoregraphicstate.code.tex 2020/12/27 v3.1.8b (3.1.8b)
\pgflinewidth=\dimen195
)
("C:/Program Files/MiKTeX 2.9/tex/generic/pgf/basiclayer/pgfcoretransformations
.code.tex"
File: pgfcoretransformations.code.tex 2020/12/27 v3.1.8b (3.1.8b)
\pgf@pt@x=\dimen196
\pgf@pt@y=\dimen197
\pgf@pt@temp=\dimen198
)
("C:/Program Files/MiKTeX 2.9/tex/generic/pgf/basiclayer/pgfcorequick.code.tex"
File: pgfcorequick.code.tex 2020/12/27 v3.1.8b (3.1.8b)
)
("C:/Program Files/MiKTeX 2.9/tex/generic/pgf/basiclayer/pgfcoreobjects.code.te
x"
File: pgfcoreobjects.code.tex 2020/12/27 v3.1.8b (3.1.8b)
)
("C:/Program Files/MiKTeX 2.9/tex/generic/pgf/basiclayer/pgfcorepathprocessing.
code.tex"
File: pgfcorepathprocessing.code.tex 2020/12/27 v3.1.8b (3.1.8b)
)
("C:/Program Files/MiKTeX 2.9/tex/generic/pgf/basiclayer/pgfcorearrows.code.tex
"
File: pgfcorearrows.code.tex 2020/12/27 v3.1.8b (3.1.8b)
\pgfarrowsep=\dimen199
)
("C:/Program Files/MiKTeX 2.9/tex/generic/pgf/basiclayer/pgfcoreshade.code.tex"
File: pgfcoreshade.code.tex 2020/12/27 v3.1.8b (3.1.8b)
\pgf@max=\dimen256
\pgf@sys@shading@range@num=\count279
\pgf@shadingcount=\count280
) ("C:/Program Files/MiKTeX 2.9/tex/generic/pgf/basiclayer/pgfcoreimage.code.te
x"
File: pgfcoreimage.code.tex 2020/12/27 v3.1.8b (3.1.8b)

("C:/Program Files/MiKTeX 2.9/tex/generic/pgf/basiclayer/pgfcoreexternal.code.t
ex"
File: pgfcoreexternal.code.tex 2020/12/27 v3.1.8b (3.1.8b)
\pgfexternal@startupbox=\box61
))
("C:/Program Files/MiKTeX 2.9/tex/generic/pgf/basiclayer/pgfcorelayers.code.tex
"
File: pgfcorelayers.code.tex 2020/12/27 v3.1.8b (3.1.8b)
)
("C:/Program Files/MiKTeX 2.9/tex/generic/pgf/basiclayer/pgfcoretransparency.co
de.tex"
File: pgfcoretransparency.code.tex 2020/12/27 v3.1.8b (3.1.8b)
)
("C:/Program Files/MiKTeX 2.9/tex/generic/pgf/basiclayer/pgfcorepatterns.code.t
ex"
File: pgfcorepatterns.code.tex 2020/12/27 v3.1.8b (3.1.8b)
)
("C:/Program Files/MiKTeX 2.9/tex/generic/pgf/basiclayer/pgfcorerdf.code.tex"
File: pgfcorerdf.code.tex 2020/12/27 v3.1.8b (3.1.8b)
))) ("C:/Program Files/MiKTeX 2.9/tex/latex/pgf/utilities/xxcolor.sty"
Package: xxcolor 2003/10/24 ver 0.1
\XC@nummixins=\count281
\XC@countmixins=\count282
)
("C:/Program Files/MiKTeX 2.9/tex/latex/base/atbegshi-ltx.sty"
Package: atbegshi-ltx 2020/08/17 v1.0a Emulation of the original atbegshi packa
ge
with kernel methods
)
("C:/Program Files/MiKTeX 2.9/tex/latex/hyperref/hyperref.sty"
Package: hyperref 2021-02-10 v7.00j Hypertext links for LaTeX

("C:/Program Files/MiKTeX 2.9/tex/generic/ltxcmds/ltxcmds.sty"
Package: ltxcmds 2020-05-10 v1.25 LaTeX kernel commands for general use (HO)
)
("C:/Program Files/MiKTeX 2.9/tex/generic/pdftexcmds/pdftexcmds.sty"
Package: pdftexcmds 2020-06-27 v0.33 Utility functions of pdfTeX for LuaTeX (HO
)

("C:/Program Files/MiKTeX 2.9/tex/generic/infwarerr/infwarerr.sty"
Package: infwarerr 2019/12/03 v1.5 Providing info/warning/error messages (HO)
)
Package pdftexcmds Info: \pdf@primitive is available.
Package pdftexcmds Info: \pdf@ifprimitive is available.
Package pdftexcmds Info: \pdfdraftmode found.
\pdftexcmds@toks=\toks27
)
("C:/Program Files/MiKTeX 2.9/tex/generic/kvsetkeys/kvsetkeys.sty"
Package: kvsetkeys 2019/12/15 v1.18 Key value parser (HO)
)
("C:/Program Files/MiKTeX 2.9/tex/generic/kvdefinekeys/kvdefinekeys.sty"
Package: kvdefinekeys 2019-12-19 v1.6 Define keys (HO)
)
("C:/Program Files/MiKTeX 2.9/tex/generic/pdfescape/pdfescape.sty"
Package: pdfescape 2019/12/09 v1.15 Implements pdfTeX's escape features (HO)
)
("C:/Program Files/MiKTeX 2.9/tex/latex/hycolor/hycolor.sty"
Package: hycolor 2020-01-27 v1.10 Color options for hyperref/bookmark (HO)
)
("C:/Program Files/MiKTeX 2.9/tex/latex/letltxmacro/letltxmacro.sty"
Package: letltxmacro 2019/12/03 v1.6 Let assignment for LaTeX macros (HO)
)
("C:/Program Files/MiKTeX 2.9/tex/latex/auxhook/auxhook.sty"
Package: auxhook 2019-12-17 v1.6 Hooks for auxiliary files (HO)
)
("C:/Program Files/MiKTeX 2.9/tex/latex/kvoptions/kvoptions.sty"
Package: kvoptions 2020-10-07 v3.14 Key value format for package options (HO)
)
\@linkdim=\dimen257
\Hy@linkcounter=\count283
\Hy@pagecounter=\count284

("C:/Program Files/MiKTeX 2.9/tex/latex/hyperref/pd1enc.def"
File: pd1enc.def 2021-02-10 v7.00j Hyperref: PDFDocEncoding definition (HO)
)
("C:/Program Files/MiKTeX 2.9/tex/latex/hyperref/hyperref-langpatches.def"
File: hyperref-langpatches.def 2021-02-10 v7.00j Hyperref: patches for babel la
nguages
)
("C:/Program Files/MiKTeX 2.9/tex/generic/intcalc/intcalc.sty"
Package: intcalc 2019/12/15 v1.3 Expandable calculations with integers (HO)
)
("C:/Program Files/MiKTeX 2.9/tex/generic/etexcmds/etexcmds.sty"
Package: etexcmds 2019/12/15 v1.7 Avoid name clashes with e-TeX commands (HO)
)
\Hy@SavedSpaceFactor=\count285

("C:/Program Files/MiKTeX 2.9/tex/latex/hyperref/puenc.def"
File: puenc.def 2021-02-10 v7.00j Hyperref: PDF Unicode definition (HO)
)
Package hyperref Info: Option `bookmarks' set `true' on input line 4073.
Package hyperref Info: Option `bookmarksopen' set `true' on input line 4073.
Package hyperref Info: Option `implicit' set `false' on input line 4073.
Package hyperref Info: Hyper figures OFF on input line 4192.
Package hyperref Info: Link nesting OFF on input line 4197.
Package hyperref Info: Hyper index ON on input line 4200.
Package hyperref Info: Plain pages OFF on input line 4207.
Package hyperref Info: Backreferencing OFF on input line 4212.
Package hyperref Info: Implicit mode OFF; no redefinition of LaTeX internals.
Package hyperref Info: Bookmarks ON on input line 4445.
\c@Hy@tempcnt=\count286

("C:/Program Files/MiKTeX 2.9/tex/latex/url/url.sty"
\Urlmuskip=\muskip16
Package: url 2013/09/16  ver 3.4  Verb mode for urls, etc.
)
LaTeX Info: Redefining \url on input line 4804.
\XeTeXLinkMargin=\dimen258

("C:/Program Files/MiKTeX 2.9/tex/generic/bitset/bitset.sty"
Package: bitset 2019/12/09 v1.3 Handle bit-vector datatype (HO)

("C:/Program Files/MiKTeX 2.9/tex/generic/bigintcalc/bigintcalc.sty"
Package: bigintcalc 2019/12/15 v1.5 Expandable calculations on big integers (HO
)
))
\Fld@menulength=\count287
\Field@Width=\dimen259
\Fld@charsize=\dimen260
Package hyperref Info: Hyper figures OFF on input line 6075.
Package hyperref Info: Link nesting OFF on input line 6080.
Package hyperref Info: Hyper index ON on input line 6083.
Package hyperref Info: backreferencing OFF on input line 6090.
Package hyperref Info: Link coloring OFF on input line 6095.
Package hyperref Info: Link coloring with OCG OFF on input line 6100.
Package hyperref Info: PDF/A mode OFF on input line 6105.
LaTeX Info: Redefining \ref on input line 6145.
LaTeX Info: Redefining \pageref on input line 6149.
\Hy@abspage=\count288


Package hyperref Message: Stopped early.

)

Package hyperref Warning: Wrong driver `hpdftex.def';
(hyperref)                pdfTeX is running in PDF mode.
(hyperref)                Forcing driver `hluatex.def'.

Package hyperref Info: Driver: hluatex.
("C:/Program Files/MiKTeX 2.9/tex/latex/hyperref/hluatex.def"
File: hluatex.def 2021-02-10 v7.00j Hyperref driver for luaTeX

("C:/Program Files/MiKTeX 2.9/tex/generic/stringenc/stringenc.sty"
Package: stringenc 2019/11/29 v1.12 Convert strings between diff. encodings (HO
)
)
("C:/Program Files/MiKTeX 2.9/tex/latex/base/atveryend-ltx.sty"
Package: atveryend-ltx 2020/08/19 v1.0a Emulation of the original atvery packag
e
with kernel methods
)
\Fld@listcount=\count289
\c@bookmark@seq@number=\count290

("C:/Program Files/MiKTeX 2.9/tex/latex/rerunfilecheck/rerunfilecheck.sty"
Package: rerunfilecheck 2019/12/05 v1.9 Rerun checks for auxiliary files (HO)

("C:/Program Files/MiKTeX 2.9/tex/generic/uniquecounter/uniquecounter.sty"
Package: uniquecounter 2019/12/15 v1.4 Provide unlimited unique counter (HO)
)
Package uniquecounter Info: New unique counter `rerunfilecheck' on input line 2
86.
))
("C:/Program Files/MiKTeX 2.9/tex/latex/beamer/beamerbaserequires.sty"
("C:/Program Files/MiKTeX 2.9/tex/latex/beamer/beamerbasecompatibility.sty")
("C:/Program Files/MiKTeX 2.9/tex/latex/beamer/beamerbasefont.sty"
("C:/Program Files/MiKTeX 2.9/tex/latex/amsfonts/amssymb.sty"
Package: amssymb 2013/01/14 v3.01 AMS font symbols

("C:/Program Files/MiKTeX 2.9/tex/latex/amsfonts/amsfonts.sty"
Package: amsfonts 2013/01/14 v3.01 Basic AMSFonts support
\@emptytoks=\toks28
\symAMSa=\mathgroup4
\symAMSb=\mathgroup5
LaTeX Font Info:    Redeclaring math symbol \hbar on input line 98.
LaTeX Font Info:    Overwriting math alphabet `\mathfrak' in version `bold'
(Font)                  U/euf/m/n --> U/euf/b/n on input line 106.
))
("C:/Program Files/MiKTeX 2.9/tex/latex/sansmathaccent/sansmathaccent.sty"
Package: sansmathaccent 2020/01/31

("C:/Program Files/MiKTeX 2.9/tex/latex/koma-script/scrlfile.sty"
Package: scrlfile 2020/09/21 v3.32 KOMA-Script package (file load hooks)

("C:/Program Files/MiKTeX 2.9/tex/latex/koma-script/scrlfile-hook.sty"
Package: scrlfile-hook 2020/09/21 v3.32 KOMA-Script package (using LaTeX hooks)


LaTeX3 Info: Defining command \BeforeFile with sig. 'm' on line 61.


LaTeX3 Info: Defining command \AfterFile with sig. 'm' on line 65.


LaTeX3 Info: Defining command \BeforeClass with sig. 'm' on line 69.


LaTeX3 Info: Defining command \BeforePackage with sig. 'm' on line 73.


LaTeX3 Info: Defining command \AfterAtEndOfClass with sig. 'smo+m' on line 83.


LaTeX3 Info: Defining command \AfterAtEndOfPackage with sig. 'smo+m' on line
(LaTeX3)     93.


LaTeX3 Info: Defining command \scrlfile@AfterClass with sig. 'smo+m' on line
(LaTeX3)     173.


LaTeX3 Info: Defining command \AfterClass with sig. '' on line 174.


LaTeX3 Info: Defining command \scrlfile@AfterPackage with sig. 'smo+m' on line
(LaTeX3)     191.


LaTeX3 Info: Defining command \AfterPackage with sig. '' on line 192.


LaTeX3 Info: Defining command \ReplaceInput with sig. '' on line 193.


LaTeX3 Info: Defining command \ReplaceClass with sig. 'mm' on line 196.


LaTeX3 Info: Defining command \ReplacePackage with sig. 'mm' on line 199.


LaTeX3 Info: Defining command \UnReplaceInput with sig. '' on line 200.


LaTeX3 Info: Defining command \UnReplaceClass with sig. 'm' on line 203.


LaTeX3 Info: Defining command \UnReplacePackage with sig. 'mm' on line 206.


LaTeX3 Info: Defining command \PreventPackageFromLoading with sig. 's+om' on
(LaTeX3)     line 234.


LaTeX3 Info: Defining command \StorePreventPackageFromLoading with sig. 'm' on
(LaTeX3)     line 242.


LaTeX3 Info: Defining command \ResetPreventPackageFromLoading with sig. '' on
(LaTeX3)     line 247.


LaTeX3 Info: Defining command \UnPreventPackageFromLoading with sig. 'sm' on
(LaTeX3)     line 261.


LaTeX3 Info: Defining command \BeforeClosingMainAux with sig. 'om' on line
(LaTeX3)     274.


LaTeX3 Info: Defining command \AfterReadingMainAux with sig. 'om' on line 287.


LaTeX3 Info: Defining command \protected@immediate@write with sig. 'm+m+m' on
(LaTeX3)     line 298.


("C:/Program Files/MiKTeX 2.9/tex/latex/koma-script/scrlogo.sty"
Package: scrlogo 2020/09/21 v3.32 KOMA-Script package (logo)
)))))
("C:/Program Files/MiKTeX 2.9/tex/latex/beamer/beamerbasetranslator.sty"
("C:/Program Files/MiKTeX 2.9/tex/latex/translator/translator.sty"
Package: translator 2020-08-03 v1.12c Easy translation of strings in LaTeX
))
("C:/Program Files/MiKTeX 2.9/tex/latex/beamer/beamerbasemisc.sty")
("C:/Program Files/MiKTeX 2.9/tex/latex/beamer/beamerbasetwoscreens.sty")
("C:/Program Files/MiKTeX 2.9/tex/latex/beamer/beamerbaseoverlay.sty"
\beamer@argscount=\count291
\beamer@lastskipcover=\skip50
\beamer@trivlistdepth=\count292
)
("C:/Program Files/MiKTeX 2.9/tex/latex/beamer/beamerbasetitle.sty")
("C:/Program Files/MiKTeX 2.9/tex/latex/beamer/beamerbasesection.sty"
\c@lecture=\count293
\c@part=\count294
\c@section=\count295
\c@subsection=\count296
\c@subsubsection=\count297
)
("C:/Program Files/MiKTeX 2.9/tex/latex/beamer/beamerbaseframe.sty"
\beamer@framebox=\box62
\beamer@frametitlebox=\box63
\beamer@zoombox=\box64
\beamer@zoomcount=\count298
\beamer@zoomframecount=\count299
\beamer@frametextheight=\dimen261
\c@subsectionslide=\count300
\beamer@frametopskip=\skip51
\beamer@framebottomskip=\skip52
\beamer@frametopskipautobreak=\skip53
\beamer@framebottomskipautobreak=\skip54
\beamer@envbody=\toks29
\framewidth=\dimen262
\c@framenumber=\count301
)
("C:/Program Files/MiKTeX 2.9/tex/latex/beamer/beamerbaseverbatim.sty"
\beamer@verbatimfileout=\write4
)
("C:/Program Files/MiKTeX 2.9/tex/latex/beamer/beamerbaseframesize.sty"
\beamer@splitbox=\box65
\beamer@autobreakcount=\count302
\beamer@autobreaklastheight=\dimen263
\beamer@frametitletoks=\toks30
\beamer@framesubtitletoks=\toks31
)
("C:/Program Files/MiKTeX 2.9/tex/latex/beamer/beamerbaseframecomponents.sty"
\beamer@footins=\box66
)
("C:/Program Files/MiKTeX 2.9/tex/latex/beamer/beamerbasecolor.sty")
("C:/Program Files/MiKTeX 2.9/tex/latex/beamer/beamerbasenotes.sty"
\beamer@frameboxcopy=\box67
)
("C:/Program Files/MiKTeX 2.9/tex/latex/beamer/beamerbasetoc.sty")
("C:/Program Files/MiKTeX 2.9/tex/latex/beamer/beamerbasetemplates.sty"
\beamer@sbttoks=\toks32

("C:/Program Files/MiKTeX 2.9/tex/latex/beamer/beamerbaseauxtemplates.sty"
("C:/Program Files/MiKTeX 2.9/tex/latex/beamer/beamerbaseboxes.sty"
\bmb@box=\box68
\bmb@colorbox=\box69
\bmb@boxwidth=\dimen264
\bmb@boxheight=\dimen265
\bmb@prevheight=\dimen266
\bmb@temp=\dimen267
\bmb@dima=\dimen268
\bmb@dimb=\dimen269
\bmb@prevheight=\dimen270
)
\beamer@blockheadheight=\dimen271
))
("C:/Program Files/MiKTeX 2.9/tex/latex/beamer/beamerbaselocalstructure.sty"
("C:/Program Files/MiKTeX 2.9/tex/latex/latex-tools/enumerate.sty"
Package: enumerate 2015/07/23 v3.00 enumerate extensions (DPC)
\@enLab=\toks33
)
\beamer@bibiconwidth=\skip55
\c@figure=\count303
\c@table=\count304
\abovecaptionskip=\skip56
\belowcaptionskip=\skip57
)
("C:/Program Files/MiKTeX 2.9/tex/latex/beamer/beamerbasenavigation.sty"
\beamer@section@min@dim=\dimen272
)
("C:/Program Files/MiKTeX 2.9/tex/latex/beamer/beamerbasetheorems.sty"
("C:/Program Files/MiKTeX 2.9/tex/latex/amsmath/amsmath.sty"
Package: amsmath 2020/09/23 v2.17i AMS math features
\@mathmargin=\skip58

For additional information on amsmath, use the `?' option.
("C:/Program Files/MiKTeX 2.9/tex/latex/amsmath/amstext.sty"
Package: amstext 2000/06/29 v2.01 AMS text

("C:/Program Files/MiKTeX 2.9/tex/latex/amsmath/amsgen.sty"
File: amsgen.sty 1999/11/30 v2.0 generic functions
\@emptytoks=\toks34
\ex@=\dimen273
))
("C:/Program Files/MiKTeX 2.9/tex/latex/amsmath/amsbsy.sty"
Package: amsbsy 1999/11/29 v1.2d Bold Symbols
\pmbraise@=\dimen274
)
("C:/Program Files/MiKTeX 2.9/tex/latex/amsmath/amsopn.sty"
Package: amsopn 2016/03/08 v2.02 operator names
)
\inf@bad=\count305
LaTeX Info: Redefining \frac on input line 236.
\uproot@=\count306
\leftroot@=\count307
LaTeX Info: Redefining \overline on input line 399.
\classnum@=\count308
\DOTSCASE@=\count309
LaTeX Info: Redefining \ldots on input line 496.
LaTeX Info: Redefining \dots on input line 499.
LaTeX Info: Redefining \cdots on input line 620.
\Mathstrutbox@=\box70
\strutbox@=\box71
\big@size=\dimen275
LaTeX Font Info:    Redeclaring font encoding OML on input line 743.
LaTeX Font Info:    Redeclaring font encoding OMS on input line 744.
\macc@depth=\count310
\c@MaxMatrixCols=\count311
\dotsspace@=\muskip17
\c@parentequation=\count312
\dspbrk@lvl=\count313
\tag@help=\toks35
\row@=\count314
\column@=\count315
\maxfields@=\count316
\andhelp@=\toks36
\eqnshift@=\dimen276
\alignsep@=\dimen277
\tagshift@=\dimen278
\tagwidth@=\dimen279
\totwidth@=\dimen280
\lineht@=\dimen281
\@envbody=\toks37
\multlinegap=\skip59
\multlinetaggap=\skip60
\mathdisplay@stack=\toks38
LaTeX Info: Redefining \[ on input line 2923.
LaTeX Info: Redefining \] on input line 2924.
)
("C:/Program Files/MiKTeX 2.9/tex/latex/amscls/amsthm.sty"
Package: amsthm 2020/05/29 v2.20.6
\thm@style=\toks39
\thm@bodyfont=\toks40
\thm@headfont=\toks41
\thm@notefont=\toks42
\thm@headpunct=\toks43
\thm@preskip=\skip61
\thm@postskip=\skip62
\thm@headsep=\skip63
\dth@everypar=\toks44
)
\c@theorem=\count317
)
("C:/Program Files/MiKTeX 2.9/tex/latex/beamer/beamerbasethemes.sty"))
("C:/Program Files/MiKTeX 2.9/tex/latex/beamer/beamerthemedefault.sty"
("C:/Program Files/MiKTeX 2.9/tex/latex/beamer/beamerfontthemedefault.sty")
("C:/Program Files/MiKTeX 2.9/tex/latex/beamer/beamercolorthemedefault.sty")
("C:/Program Files/MiKTeX 2.9/tex/latex/beamer/beamerinnerthemedefault.sty"
\beamer@dima=\dimen282
\beamer@dimb=\dimen283
)
("C:/Program Files/MiKTeX 2.9/tex/latex/beamer/beamerouterthemedefault.sty")))
("C:/Program Files/MiKTeX 2.9/tex/latex/beamer/beamerthemeBoadilla.sty"
("C:/Program Files/MiKTeX 2.9/tex/latex/beamer/beamercolorthemerose.sty")
("C:/Program Files/MiKTeX 2.9/tex/latex/beamer/beamerinnerthemerounded.sty")
("C:/Program Files/MiKTeX 2.9/tex/latex/beamer/beamercolorthemedolphin.sty")
("C:/Program Files/MiKTeX 2.9/tex/latex/beamer/beamerouterthemeinfolines.sty")) ("C:/Program Files/MiKTeX 2.9/tex/generic/babel/babel.sty"
Package: babel 2021/01/26 3.53 The Babel package

("C:/Program Files/MiKTeX 2.9/tex/generic/babel/babel.def"
File: babel.def 2021/01/26 3.53 Babel common definitions

("C:/Program Files/MiKTeX 2.9/tex/generic/babel/luababel.def"
\bbl@readstream=\read3
\l@afrikaans=\language2
Package babel Info: Non-standard hyphenation setup on input line 117.
\l@ancientgreek=\language3
\l@arabic=\language4
\l@armenian=\language5
\l@assamese=\language6
\l@basque=\language7
\l@belarusian=\language8
\l@bengali=\language9
\l@bokmal=\language10
\l@bulgarian=\language11
\l@catalan=\language12
\l@churchslavonic=\language13
\l@classiclatin=\language14
\l@coptic=\language15
\l@croatian=\language16
\l@czech=\language17
\l@danish=\language18
\l@dutch=\language19
\l@esperanto=\language20
\l@estonian=\language21
\l@ethiopic=\language22
\l@farsi=\language23
\l@finnish=\language24
\l@french=\language25
\l@friulan=\language26
\l@galician=\language27
\l@georgian=\language28
\l@german=\language29
\l@german-x-2019-04-04=\language30
\l@greek=\language31
\l@gujarati=\language32
\l@hindi=\language33
\l@hungarian=\language34
\l@icelandic=\language35
\l@indonesian=\language36
\l@interlingua=\language37
\l@irish=\language38
\l@italian=\language39
\l@kannada=\language40
\l@kurmanji=\language41
\l@latin=\language42
\l@latvian=\language43
\l@lithuanian=\language44
\l@liturgicallatin=\language45
\l@macedonian=\language46
\l@malayalam=\language47
\l@marathi=\language48
\l@mongolian=\language49
\l@mongolianlmc=\language50
\l@monogreek=\language51
\l@ngerman=\language52
\l@ngerman-x-2019-04-04=\language53
\l@nynorsk=\language54
\l@occitan=\language55
\l@oriya=\language56
\l@pali=\language57
\l@panjabi=\language58
\l@piedmontese=\language59
\l@polish=\language60
\l@portuguese=\language61
\l@romanian=\language62
\l@romansh=\language63
\l@russian=\language64
\l@sanskrit=\language65
\l@serbian=\language66
\l@serbianc=\language67
\l@slovak=\language68
\l@slovenian=\language69
\l@spanish=\language70
\l@swedish=\language71
\l@swissgerman=\language72
\l@tamil=\language73
\l@telugu=\language74
\l@thai=\language75
\l@turkish=\language76
\l@turkmen=\language77
\l@ukenglish=\language78
\l@ukrainian=\language79
\l@uppersorbian=\language80
\l@usenglishmax=\language81
\l@welsh=\language82
\babelcatcodetablenum=\catcodetable12
\bbl@pattcodes=\catcodetable13
)
\babel@savecnt=\count318
\U@D=\dimen284
\l@babelnohyphens=\language83

("C:/Program Files/MiKTeX 2.9/tex/generic/babel/luababel.def"
\bbl@attr@locale=\attribute4
))
LaTeX Info: Redefining \textlatin on input line 716.

*************************************
* Local config file bblopts.cfg used
*
("C:/Program Files/MiKTeX 2.9/tex/latex/arabi/bblopts.cfg"
File: bblopts.cfg 2005/09/08 v0.1 add Arabic and Farsi to "declared" options of
 babel
)
("C:/Program Files/MiKTeX 2.9/tex/latex/babel-english/english.ldf"
Language: english 2017/06/06 v3.3r English support from the babel system
Package babel Info: \l@canadian = using hyphenrules for english
(babel)             (\language0) on input line 102.
Package babel Info: \l@australian = using hyphenrules for ukenglish
(babel)             (\language78) on input line 105.
Package babel Info: \l@newzealand = using hyphenrules for ukenglish
(babel)             (\language78) on input line 108.
))
("C:/Program Files/MiKTeX 2.9/tex/latex/base/inputenc.sty"
Package: inputenc 2020/08/01 v1.3d Input encoding file
\inpenc@prehook=\toks45
\inpenc@posthook=\toks46


! Package inputenc Error: inputenc is not designed for xetex or luatex.
(inputenc)                only UTF-8 supported.

See the inputenc package documentation for explanation.
Type  H <return>  for immediate help.
 ...                                              
                                                  
l.165 \endinput
             
For xelatex or lualatex save the document in UTF-8 encoding
and do not use inputenc, or use the [utf8] option.

) ("C:/Program Files/MiKTeX 2.9/tex/latex/psnfss/times.sty"
Package: times 2020/03/25 PSNFSS-v9.3 (SPQR) 
)
("C:/Program Files/MiKTeX 2.9/tex/latex/base/fontenc.sty"
Package: fontenc 2020/08/10 v2.0s Standard LaTeX package
LaTeX Font Info:    Trying to load font information for T1+phv on input line 11
2.

("C:/Program Files/MiKTeX 2.9/tex/latex/psnfss/t1phv.fd"
File: t1phv.fd 2020/03/25 scalable font definitions for T1/phv.
))
("C:/Program Files/MiKTeX 2.9/tex/latex/l3backend/l3backend-luatex.def"
File: l3backend-luatex.def 2021-02-18 L3 backend support: PDF output (LuaTeX)
\l__color_backend_stack_int=\count319
\l__pdf_internal_box=\box72
)
(./sample-presentation.aux)
\openout1 = sample-presentation.aux

LaTeX Font Info:    Checking defaults for OML/cmm/m/it on input line 60.
LaTeX Font Info:    ... okay on input line 60.
LaTeX Font Info:    Checking defaults for OMS/cmsy/m/n on input line 60.
LaTeX Font Info:    ... okay on input line 60.
LaTeX Font Info:    Checking defaults for OT1/cmr/m/n on input line 60.
LaTeX Font Info:    ... okay on input line 60.
LaTeX Font Info:    Checking defaults for T1/cmr/m/n on input line 60.
LaTeX Font Info:    ... okay on input line 60.
LaTeX Font Info:    Checking defaults for TS1/cmr/m/n on input line 60.
LaTeX Font Info:    Trying to load font information for TS1+cmr on input line 6
0.

("C:/Program Files/MiKTeX 2.9/tex/latex/base/ts1cmr.fd"
File: ts1cmr.fd 2019/12/16 v2.5j Standard LaTeX font definitions
)
LaTeX Font Info:    ... okay on input line 60.
LaTeX Font Info:    Checking defaults for TU/lmr/m/n on input line 60.
LaTeX Font Info:    ... okay on input line 60.
LaTeX Font Info:    Checking defaults for OMX/cmex/m/n on input line 60.
LaTeX Font Info:    ... okay on input line 60.
LaTeX Font Info:    Checking defaults for U/cmr/m/n on input line 60.
LaTeX Font Info:    ... okay on input line 60.
LaTeX Font Info:    Checking defaults for PD1/pdf/m/n on input line 60.
LaTeX Font Info:    ... okay on input line 60.
LaTeX Font Info:    Checking defaults for PU/pdf/m/n on input line 60.
LaTeX Font Info:    ... okay on input line 60.

*geometry* driver: auto-detecting
*geometry* detected driver: luatex
*geometry* verbose mode - [ preamble ] result:
* driver: luatex
* paper: custom
* layout: <same size as paper>
* layoutoffset:(h,v)=(0.0pt,0.0pt)
* modes: includehead includefoot 
* h-part:(L,W,R)=(10.95pt, 342.29536pt, 10.95pt)
* v-part:(T,H,B)=(0.0pt, 273.14662pt, 0.0pt)
* \paperwidth=364.19536pt
* \paperheight=273.14662pt
* \textwidth=342.29536pt
* \textheight=244.6939pt
* \oddsidemargin=-61.31999pt
* \evensidemargin=-61.31999pt
* \topmargin=-72.26999pt
* \headheight=14.22636pt
* \headsep=0.0pt
* \topskip=11.0pt
* \footskip=14.22636pt
* \marginparwidth=4.0pt
* \marginparsep=10.0pt
* \columnsep=10.0pt
* \skip\footins=10.0pt plus 4.0pt minus 2.0pt
* \hoffset=0.0pt
* \voffset=0.0pt
* \mag=1000
* \@twocolumnfalse
* \@twosidefalse
* \@mparswitchfalse
* \@reversemarginfalse
* (1in=72.27pt=25.4mm, 1cm=28.453pt)

("C:/Program Files/MiKTeX 2.9/tex/context/base/mkii/supp-pdf.mkii"
[Loading MPS to PDF converter (version 2006.09.02).]
\scratchcounter=\count320
\scratchdimen=\dimen285
\scratchbox=\box73
\nofMPsegments=\count321
\nofMParguments=\count322
\everyMPshowfont=\toks47
\MPscratchCnt=\count323
\MPscratchDim=\dimen286
\MPnumerator=\count324
\makeMPintoPDFobject=\count325
\everyMPtoPDFconversion=\toks48
) ("C:/Program Files/MiKTeX 2.9/tex/latex/epstopdf-pkg/epstopdf-base.sty"
Package: epstopdf-base 2020-01-24 v2.11 Base part for package epstopdf

("C:/Program Files/MiKTeX 2.9/tex/latex/grfext/grfext.sty"
Package: grfext 2019/12/03 v1.3 Manage graphics extensions (HO)
)
Package epstopdf-base Info: Redefining graphics rule for `.eps' on input line 4
85.
Package grfext Info: Graphics extension search list:
(grfext)             [.pdf,.png,.jpg,.mps,.jpeg,.jbig2,.jb2,.PDF,.PNG,.JPG,.JPE
G,.JBIG2,.JB2,.eps]
(grfext)             \AppendGraphicsExtensions on input line 504.
)
Package hyperref Info: Link coloring OFF on input line 60.

("C:/Program Files/MiKTeX 2.9/tex/latex/hyperref/nameref.sty"
Package: nameref 2021-04-02 v2.47 Cross-referencing by name of section

("C:/Program Files/MiKTeX 2.9/tex/latex/refcount/refcount.sty"
Package: refcount 2019/12/15 v3.6 Data extraction from label references (HO)
)
("C:/Program Files/MiKTeX 2.9/tex/generic/gettitlestring/gettitlestring.sty"
Package: gettitlestring 2019/12/15 v1.6 Cleanup title references (HO)
)
\c@section@level=\count326
)
LaTeX Info: Redefining \ref on input line 60.
LaTeX Info: Redefining \pageref on input line 60.
LaTeX Info: Redefining \nameref on input line 60.

(./sample-presentation.out) (./sample-presentation.out)
\@outlinefile=\write5

\openout5 = sample-presentation.out
LaTeX Font Info:    Overwriting symbol font `operators' in version `normal'
(Font)                  OT1/cmr/m/n --> OT1/cmss/m/n on input line 60.
LaTeX Font Info:    Overwriting symbol font `operators' in version `bold'
(Font)                  OT1/cmr/bx/n --> OT1/cmss/b/n on input line 60.
\symnumbers=\mathgroup6
\sympureletters=\mathgroup7
LaTeX Font Info:    Overwriting math alphabet `\mathrm' in version `normal'
(Font)                  OT1/cmss/m/n --> T1/ptm/m/n on input line 60.
LaTeX Font Info:    Redeclaring math alphabet \mathbf on input line 60.
LaTeX Font Info:    Overwriting math alphabet `\mathbf' in version `normal'
(Font)                  OT1/cmr/bx/n --> T1/phv/b/n on input line 60.
LaTeX Font Info:    Overwriting math alphabet `\mathbf' in version `bold'
(Font)                  OT1/cmr/bx/n --> T1/phv/b/n on input line 60.
LaTeX Font Info:    Redeclaring math alphabet \mathsf on input line 60.
LaTeX Font Info:    Overwriting math alphabet `\mathsf' in version `normal'
(Font)                  OT1/cmss/m/n --> T1/phv/m/n on input line 60.
LaTeX Font Info:    Overwriting math alphabet `\mathsf' in version `bold'
(Font)                  OT1/cmss/bx/n --> T1/phv/m/n on input line 60.
LaTeX Font Info:    Redeclaring math alphabet \mathit on input line 60.
LaTeX Font Info:    Overwriting math alphabet `\mathit' in version `normal'
(Font)                  OT1/cmr/m/it --> T1/phv/m/it on input line 60.
LaTeX Font Info:    Overwriting math alphabet `\mathit' in version `bold'
(Font)                  OT1/cmr/bx/it --> T1/phv/m/it on input line 60.
LaTeX Font Info:    Redeclaring math alphabet \mathtt on input line 60.
LaTeX Font Info:    Overwriting math alphabet `\mathtt' in version `normal'
(Font)                  OT1/cmtt/m/n --> T1/pcr/m/n on input line 60.
LaTeX Font Info:    Overwriting math alphabet `\mathtt' in version `bold'
(Font)                  OT1/cmtt/m/n --> T1/pcr/m/n on input line 60.
LaTeX Font Info:    Overwriting symbol font `numbers' in version `bold'
(Font)                  T1/phv/m/n --> T1/phv/b/n on input line 60.
LaTeX Font Info:    Overwriting symbol font `pureletters' in version `bold'
(Font)                  T1/phv/m/it --> T1/phv/b/it on input line 60.
LaTeX Font Info:    Overwriting math alphabet `\mathrm' in version `bold'
(Font)                  OT1/cmss/b/n --> T1/ptm/b/n on input line 60.
LaTeX Font Info:    Overwriting math alphabet `\mathbf' in version `bold'
(Font)                  T1/phv/b/n --> T1/phv/b/n on input line 60.
LaTeX Font Info:    Overwriting math alphabet `\mathsf' in version `bold'
(Font)                  T1/phv/m/n --> T1/phv/b/n on input line 60.
LaTeX Font Info:    Overwriting math alphabet `\mathit' in version `bold'
(Font)                  T1/phv/m/it --> T1/phv/b/it on input line 60.
LaTeX Font Info:    Overwriting math alphabet `\mathtt' in version `bold'
(Font)                  T1/pcr/m/n --> T1/pcr/b/n on input line 60.

("C:/Program Files/MiKTeX 2.9/tex/latex/translator/translator-basic-dictionary-
English.dict"
Dictionary: translator-basic-dictionary, Language: English 
)
("C:/Program Files/MiKTeX 2.9/tex/latex/translator/translator-bibliography-dict
ionary-English.dict"
Dictionary: translator-bibliography-dictionary, Language: English 
)
("C:/Program Files/MiKTeX 2.9/tex/latex/translator/translator-environment-dicti
onary-English.dict"
Dictionary: translator-environment-dictionary, Language: English 
)
("C:/Program Files/MiKTeX 2.9/tex/latex/translator/translator-months-dictionary
-English.dict"
Dictionary: translator-months-dictionary, Language: English 
)
("C:/Program Files/MiKTeX 2.9/tex/latex/translator/translator-numbers-dictionar
y-English.dict"
Dictionary: translator-numbers-dictionary, Language: English 
)
("C:/Program Files/MiKTeX 2.9/tex/latex/translator/translator-theorem-dictionar
y-English.dict"
Dictionary: translator-theorem-dictionary, Language: English 
) (./sample-presentation.nav) [1

{C:/Users/vega0/AppData/Local/MiKTeX/2.9/pdftex/config/pdftex.map}]
LaTeX Font Info:    Trying to load font information for U+msa on input line 95.


("C:/Program Files/MiKTeX 2.9/tex/latex/amsfonts/umsa.fd"
File: umsa.fd 2013/01/14 v3.01 AMS symbols A
)
LaTeX Font Info:    Trying to load font information for U+msb on input line 95.


("C:/Program Files/MiKTeX 2.9/tex/latex/amsfonts/umsb.fd"
File: umsb.fd 2013/01/14 v3.01 AMS symbols B
)
LaTeX Font Info:    Font shape `T1/phv/m/it' in size <10.95> not available
(Font)              Font shape `T1/phv/m/sl' tried instead on input line 95.
LaTeX Font Info:    Font shape `T1/phv/m/it' in size <8> not available
(Font)              Font shape `T1/phv/m/sl' tried instead on input line 95.
LaTeX Font Info:    Font shape `T1/phv/m/it' in size <6> not available
(Font)              Font shape `T1/phv/m/sl' tried instead on input line 95.

Overfull \vbox (5.16103pt too high) detected at line 95
 []

[2

]
LaTeX Font Info:    Font shape `T1/phv/m/it' in size <10> not available
(Font)              Font shape `T1/phv/m/sl' tried instead on input line 114.
LaTeX Font Info:    Font shape `T1/phv/m/it' in size <7> not available
(Font)              Font shape `T1/phv/m/sl' tried instead on input line 114.
LaTeX Font Info:    Font shape `T1/phv/m/it' in size <5> not available
(Font)              Font shape `T1/phv/m/sl' tried instead on input line 114.
 [3

]
LaTeX Font Info:    Trying to load font information for T1+ptm on input line 13
9.
 ("C:/Program Files/MiKTeX 2.9/tex/latex/psnfss/t1ptm.fd"
File: t1ptm.fd 2001/06/04 font definitions for T1/ptm.
)
<sample_stopping_volts.png, id=144, 289.08pt x 289.08pt>
File: sample_stopping_volts.png Graphic file (type png)
<use sample_stopping_volts.png>
Package luatex.def Info: sample_stopping_volts.png  used on input line 139.
(luatex.def)             Requested size: 113.81102pt x 113.8082pt.
 [4

<./sample_stopping_volts.png>]
<apparatus_setup.png, id=175, 843.15pt x 517.935pt>
File: apparatus_setup.png Graphic file (type png)
<use apparatus_setup.png>
Package luatex.def Info: apparatus_setup.png  used on input line 151.
(luatex.def)             Requested size: 284.52756pt x 174.78366pt.
 [5

<./apparatus_setup.png>]
<all_lenses_scatter.png, id=203, 289.08pt x 289.08pt>
File: all_lenses_scatter.png Graphic file (type png)
<use all_lenses_scatter.png>
Package luatex.def Info: all_lenses_scatter.png  used on input line 161.
(luatex.def)             Requested size: 199.16986pt x 199.16928pt.
 [6

<./all_lenses_scatter.png>]
<4_lenses_scatter.png, id=231, 289.08pt x 289.08pt>
File: 4_lenses_scatter.png Graphic file (type png)
<use 4_lenses_scatter.png>
Package luatex.def Info: 4_lenses_scatter.png  used on input line 178.
(luatex.def)             Requested size: 169.43597pt x 169.43532pt.

Overfull \hbox (15.40411pt too wide) in paragraph at lines 178--178
 [][] 
 []

<nolens_scatter.png, id=232, 289.08pt x 289.08pt>
File: nolens_scatter.png Graphic file (type png)
<use nolens_scatter.png>
Package luatex.def Info: nolens_scatter.png  used on input line 178.
(luatex.def)             Requested size: 169.43597pt x 169.43532pt.

Overfull \hbox (15.40411pt too wide) in paragraph at lines 178--178
 [][] 
 []

[7

<./4_lenses_scatter.png><./nolens_scatter.png>]
<stopping_volts.png, id=261, 289.08pt x 289.08pt>
File: stopping_volts.png Graphic file (type png)
<use stopping_volts.png>
Package luatex.def Info: stopping_volts.png  used on input line 191.
(luatex.def)             Requested size: 199.16986pt x 199.16928pt.

Overfull \vbox (0.57402pt too high) detected at line 191
 []

[8

<./stopping_volts.png>] [9

] [10

]
\tf@nav=\write6

\openout6 = sample-presentation.nav
\tf@toc=\write7

\openout7 = sample-presentation.toc
\tf@snm=\write8

\openout8 = sample-presentation.snm
 (./sample-presentation.aux)
Package rerunfilecheck Info: File `sample-presentation.out' has not changed.
(rerunfilecheck)             Checksum: FD7300D9CE31542FCA9FECD38CDBBC90;641.
)

Here is how much of LuaTeX's memory you used:
 23166 strings out of 478540
 100000,794899 words of node,token memory allocated
 8489 words of node memory still in use:
   53 hlist, 9 vlist, 8 rule, 59 disc, 7 local_par, 1 dir, 4 math, 189 glue, 57 
kern, 33 penalty, 617 glyph, 193 attribute, 61 glue_spec, 98 attribute_list, 4 w
rite, 36 pdf_colorstack nodes
   avail lists: 2:1441,3:686,4:268,5:228,6:58,7:2510,8:54,9:568,10:14,11:148
 41776 multiletter control sequences out of 65536+200000
 103 fonts using 8475759 bytes
 131i,15n,125p,422b,988s stack positions out of 5000i,500n,10000p,200000b,50000s
{C:/Program Files/MiKTeX 2.9/fonts/enc/dvips/base/8r.enc}<C:/Program Files/MiKTe
X 2.9/fonts/type1/public/amsfonts/cm/cmmi10.pfb><C:/Program Files/MiKTeX 2.9/fon
ts/type1/public/amsfonts/cm/cmmi8.pfb><C:/Program Files/MiKTeX 2.9/fonts/type1/p
ublic/amsfonts/cm/cmss10.pfb><C:/Program Files/MiKTeX 2.9/fonts/type1/public/ams
fonts/cm/cmsy10.pfb><C:/Program Files/MiKTeX 2.9/fonts/type1/public/amsfonts/cm/
cmsy7.pfb><C:/Program Files/MiKTeX 2.9/fonts/type1/public/amsfonts/cm/cmsy8.pfb>
<C:/Program Files/MiKTeX 2.9/fonts/type1/public/amsfonts/symbols/msam7.pfb><C:/P
rogram Files/MiKTeX 2.9/fonts/type1/urw/helvetic/uhvr8a.pfb><C:/Program Files/Mi
KTeX 2.9/fonts/type1/urw/helvetic/uhvro8a.pfb><C:/Program Files/MiKTeX 2.9/fonts
/type1/urw/times/utmr8a.pfb>
Output written on sample-presentation.pdf (10 pages, 444884 bytes).

PDF statistics: 378 PDF objects out of 1000 (max. 8388607)
 23 named destinations out of 1000 (max. 131072)
 182 words of extra memory for PDF output out of 10000 (max. 100000000)

